INFO  2018/05/07 12:57:51----- Program----- frmMain_Load -----Application Start
INFO  2018/05/07 12:58:00----- Program----- StartAcquisitionBtn_Click -----Starts to Data acquisition.
INFO  2018/05/07 12:58:00----- Program----- StartAcquisitionBtn_Click -----Load DAQ parameter
ERROR 2018/05/07 12:58:00----- Program----- StartAcquisitionBtn_Click -----Faile to Load DAQ parameter message is---ErrorPropNotSpted
INFO  2018/05/07 12:58:00----- Program----- StartAcquisitionBtn_Click -----Start Data Collection
INFO  2018/05/07 12:58:21----- Program----- StopAcquisitionBtn_Click -----Stop to Data acquisition.
INFO  2018/05/07 13:00:03----- Program----- frmMain_Load -----Application Start
INFO  2018/05/07 13:00:06----- Program----- StartAcquisitionBtn_Click -----Starts to Data acquisition.
ERROR 2018/05/07 13:00:06----- Program----- StartAcquisitionBtn_Click -----Start acquisition failed---The device is not available
INFO  2018/05/07 13:00:10----- Program----- StartAcquisitionBtn_Click -----Starts to Data acquisition.
INFO  2018/05/07 13:00:10----- Program----- StartAcquisitionBtn_Click -----Load DAQ parameter
ERROR 2018/05/07 13:00:10----- Program----- StartAcquisitionBtn_Click -----Faile to Load DAQ parameter message is---ErrorPropNotSpted
INFO  2018/05/07 13:00:10----- Program----- StartAcquisitionBtn_Click -----Start Data Collection
INFO  2018/05/07 13:00:18----- Program----- StopAcquisitionBtn_Click -----Stop to Data acquisition.
INFO  2018/05/07 13:00:26----- Program----- ResetGraphBtn_Click -----Reset All Graph.
INFO  2018/05/07 13:00:56----- Program----- frmMain_Load -----Application Start
INFO  2018/05/07 13:00:57----- Program----- StartAcquisitionBtn_Click -----Starts to Data acquisition.
ERROR 2018/05/07 13:00:57----- Program----- StartAcquisitionBtn_Click -----Start acquisition failed---The device is not available
INFO  2018/05/07 13:01:01----- Program----- StartAcquisitionBtn_Click -----Starts to Data acquisition.
INFO  2018/05/07 13:01:01----- Program----- StartAcquisitionBtn_Click -----Load DAQ parameter
ERROR 2018/05/07 13:01:01----- Program----- StartAcquisitionBtn_Click -----Faile to Load DAQ parameter message is---ErrorPropNotSpted
INFO  2018/05/07 13:01:01----- Program----- StartAcquisitionBtn_Click -----Start Data Collection
INFO  2018/05/07 13:01:10----- Program----- StopAcquisitionBtn_Click -----Stop to Data acquisition.
INFO  2018/05/07 13:01:11----- Program----- ResetGraphBtn_Click -----Reset All Graph.
