INFO  2018/08/08 09:28:59----- Program----- frmMain_Load -----Application Start
INFO  2018/08/08 09:29:10----- Program----- StartAcquisitionBtn_Click -----Starts to Data acquisition.
INFO  2018/08/08 09:29:10----- Program----- StartAcquisitionBtn_Click -----Load DAQ parameter
ERROR 2018/08/08 09:29:10----- Program----- StartAcquisitionBtn_Click -----Faile to Load DAQ parameter message is---ErrorPropNotSpted
INFO  2018/08/08 09:29:10----- Program----- StartAcquisitionBtn_Click -----Start Data Collection
INFO  2018/08/08 09:30:28----- Program----- StopAcquisitionBtn_Click -----Stop to Data acquisition.
INFO  2018/08/08 09:30:29----- Program----- ResetGraphBtn_Click -----Reset All Graph.
INFO  2018/08/08 09:31:40----- Program----- StartAcquisitionBtn_Click -----Starts to Data acquisition.
INFO  2018/08/08 09:31:40----- Program----- StartAcquisitionBtn_Click -----Load DAQ parameter
ERROR 2018/08/08 09:31:40----- Program----- StartAcquisitionBtn_Click -----Faile to Load DAQ parameter message is---ErrorPropNotSpted
INFO  2018/08/08 09:31:40----- Program----- StartAcquisitionBtn_Click -----Start Data Collection
INFO  2018/08/08 09:34:53----- Program----- StopAcquisitionBtn_Click -----Stop to Data acquisition.
INFO  2018/08/08 09:35:01----- Program----- ResetGraphBtn_Click -----Reset All Graph.
INFO  2018/08/08 09:35:25----- Program----- StartAcquisitionBtn_Click -----Starts to Data acquisition.
INFO  2018/08/08 09:35:25----- Program----- StartAcquisitionBtn_Click -----Load DAQ parameter
ERROR 2018/08/08 09:35:25----- Program----- StartAcquisitionBtn_Click -----Faile to Load DAQ parameter message is---ErrorPropNotSpted
INFO  2018/08/08 09:35:25----- Program----- StartAcquisitionBtn_Click -----Start Data Collection
INFO  2018/08/08 09:35:39----- Program----- StopAcquisitionBtn_Click -----Stop to Data acquisition.
INFO  2018/08/08 09:35:53----- Program----- StartAcquisitionBtn_Click -----Starts to Data acquisition.
INFO  2018/08/08 09:35:53----- Program----- StartAcquisitionBtn_Click -----Load DAQ parameter
ERROR 2018/08/08 09:35:53----- Program----- StartAcquisitionBtn_Click -----Faile to Load DAQ parameter message is---ErrorPropNotSpted
INFO  2018/08/08 09:35:53----- Program----- StartAcquisitionBtn_Click -----Start Data Collection
ERROR 2018/08/08 09:35:53----- Program----- CreateFreqMaxGraph -----Time Max Chart drawing Error message is---索引在陣列的界限之外。
ERROR 2018/08/08 09:35:55----- Program----- waveformAiCtrl_Overrun -----Data Overrun
ERROR 2018/08/08 09:35:55----- Program----- CreateFreqMaxGraph -----Time Max Chart drawing Error message is---索引在陣列的界限之外。
ERROR 2018/08/08 09:35:57----- Program----- waveformAiCtrl_Overrun -----Data Overrun
ERROR 2018/08/08 09:35:58----- Program----- CreateFreqMaxGraph -----Time Max Chart drawing Error message is---索引在陣列的界限之外。
ERROR 2018/08/08 09:35:59----- Program----- waveformAiCtrl_Overrun -----Data Overrun
ERROR 2018/08/08 09:35:59----- Program----- CreateFreqMaxGraph -----Time Max Chart drawing Error message is---索引在陣列的界限之外。
INFO  2018/08/08 09:35:59----- Program----- StopAcquisitionBtn_Click -----Stop to Data acquisition.
ERROR 2018/08/08 09:35:59----- Program----- CreateFreqMaxGraph -----Time Max Chart drawing Error message is---索引在陣列的界限之外。
ERROR 2018/08/08 09:36:00----- Program----- CreateFreqMaxGraph -----Time Max Chart drawing Error message is---索引在陣列的界限之外。
INFO  2018/08/08 09:36:03----- Program----- StartAcquisitionBtn_Click -----Starts to Data acquisition.
INFO  2018/08/08 09:36:03----- Program----- StartAcquisitionBtn_Click -----Load DAQ parameter
ERROR 2018/08/08 09:36:03----- Program----- StartAcquisitionBtn_Click -----Faile to Load DAQ parameter message is---ErrorPropNotSpted
INFO  2018/08/08 09:36:04----- Program----- StartAcquisitionBtn_Click -----Start Data Collection
INFO  2018/08/08 09:36:15----- Program----- StopAcquisitionBtn_Click -----Stop to Data acquisition.
INFO  2018/08/08 09:36:46----- Program----- StartAcquisitionBtn_Click -----Starts to Data acquisition.
INFO  2018/08/08 09:36:46----- Program----- StartAcquisitionBtn_Click -----Load DAQ parameter
ERROR 2018/08/08 09:36:46----- Program----- StartAcquisitionBtn_Click -----Faile to Load DAQ parameter message is---ErrorPropNotSpted
INFO  2018/08/08 09:36:46----- Program----- StartAcquisitionBtn_Click -----Start Data Collection
INFO  2018/08/08 09:36:50----- Program----- StopAcquisitionBtn_Click -----Stop to Data acquisition.
ERROR 2018/08/08 09:36:50----- Program----- waveformAiCtrl_Overrun -----Data Overrun
INFO  2018/08/08 09:36:54----- Program----- StartAcquisitionBtn_Click -----Starts to Data acquisition.
INFO  2018/08/08 09:36:54----- Program----- StartAcquisitionBtn_Click -----Load DAQ parameter
ERROR 2018/08/08 09:36:54----- Program----- StartAcquisitionBtn_Click -----Faile to Load DAQ parameter message is---ErrorPropNotSpted
INFO  2018/08/08 09:36:54----- Program----- StartAcquisitionBtn_Click -----Start Data Collection
INFO  2018/08/08 09:36:55----- Program----- StopAcquisitionBtn_Click -----Stop to Data acquisition.
INFO  2018/08/08 09:36:58----- Program----- StartAcquisitionBtn_Click -----Starts to Data acquisition.
INFO  2018/08/08 09:36:58----- Program----- StartAcquisitionBtn_Click -----Load DAQ parameter
ERROR 2018/08/08 09:36:58----- Program----- StartAcquisitionBtn_Click -----Faile to Load DAQ parameter message is---ErrorPropNotSpted
INFO  2018/08/08 09:36:58----- Program----- StartAcquisitionBtn_Click -----Start Data Collection
INFO  2018/08/08 09:37:00----- Program----- StopAcquisitionBtn_Click -----Stop to Data acquisition.
INFO  2018/08/08 09:37:04----- Program----- StartAcquisitionBtn_Click -----Starts to Data acquisition.
INFO  2018/08/08 09:37:04----- Program----- StartAcquisitionBtn_Click -----Load DAQ parameter
ERROR 2018/08/08 09:37:04----- Program----- StartAcquisitionBtn_Click -----Faile to Load DAQ parameter message is---ErrorPropNotSpted
INFO  2018/08/08 09:37:04----- Program----- StartAcquisitionBtn_Click -----Start Data Collection
INFO  2018/08/08 09:37:39----- Program----- StopAcquisitionBtn_Click -----Stop to Data acquisition.
INFO  2018/08/08 09:37:54----- Program----- StartAcquisitionBtn_Click -----Starts to Data acquisition.
INFO  2018/08/08 09:37:54----- Program----- StartAcquisitionBtn_Click -----Load DAQ parameter
ERROR 2018/08/08 09:37:54----- Program----- StartAcquisitionBtn_Click -----Faile to Load DAQ parameter message is---ErrorPropNotSpted
INFO  2018/08/08 09:37:54----- Program----- StartAcquisitionBtn_Click -----Start Data Collection
INFO  2018/08/08 09:38:07----- Program----- StopAcquisitionBtn_Click -----Stop to Data acquisition.
INFO  2018/08/08 09:38:09----- Program----- StartAcquisitionBtn_Click -----Starts to Data acquisition.
INFO  2018/08/08 09:38:09----- Program----- StartAcquisitionBtn_Click -----Load DAQ parameter
ERROR 2018/08/08 09:38:09----- Program----- StartAcquisitionBtn_Click -----Faile to Load DAQ parameter message is---ErrorPropNotSpted
INFO  2018/08/08 09:38:09----- Program----- StartAcquisitionBtn_Click -----Start Data Collection
INFO  2018/08/08 09:39:49----- Program----- StopAcquisitionBtn_Click -----Stop to Data acquisition.
