INFO  2018/04/12 10:04:56----- Program----- frmMain_Load -----Application Start
INFO  2018/04/12 10:05:01----- Program----- StartAcquisitionBtn_Click -----Starts to Data acquisition.
ERROR 2018/04/12 10:05:01----- Program----- StartAcquisitionBtn_Click -----Start acquisition failed---The device is not available
INFO  2018/04/12 10:05:05----- Program----- StartAcquisitionBtn_Click -----Starts to Data acquisition.
INFO  2018/04/12 10:05:05----- Program----- StartAcquisitionBtn_Click -----Load DAQ parameter
INFO  2018/04/12 10:05:05----- Program----- StartAcquisitionBtn_Click -----Start Data Collection
INFO  2018/04/12 10:05:17----- Program----- StopAcquisitionBtn_Click -----Stop to Data acquisition.
INFO  2018/04/12 10:05:23----- Program----- StartAcquisitionBtn_Click -----Starts to Data acquisition.
INFO  2018/04/12 10:05:23----- Program----- StartAcquisitionBtn_Click -----Load DAQ parameter
INFO  2018/04/12 10:05:23----- Program----- StartAcquisitionBtn_Click -----Start Data Collection
INFO  2018/04/12 10:05:40----- Program----- StopAcquisitionBtn_Click -----Stop to Data acquisition.
INFO  2018/04/12 10:05:46----- Program----- StartAcquisitionBtn_Click -----Starts to Data acquisition.
INFO  2018/04/12 10:05:46----- Program----- StartAcquisitionBtn_Click -----Load DAQ parameter
INFO  2018/04/12 10:05:46----- Program----- StartAcquisitionBtn_Click -----Start Data Collection
INFO  2018/04/12 10:05:48----- Program----- CreateTimeGraph -----Start store raw data
ERROR 2018/04/12 10:05:50----- Program----- waveformAiCtrl_Overrun -----Data Overrun
INFO  2018/04/12 10:05:50----- Program----- CreateTimeGraph -----Start store raw data
INFO  2018/04/12 10:05:52----- Program----- CreateTimeGraph -----Start store raw data
ERROR 2018/04/12 10:05:54----- Program----- waveformAiCtrl_Overrun -----Data Overrun
INFO  2018/04/12 10:05:54----- Program----- CreateTimeGraph -----Start store raw data
INFO  2018/04/12 10:05:56----- Program----- CreateTimeGraph -----Start store raw data
ERROR 2018/04/12 10:05:58----- Program----- waveformAiCtrl_Overrun -----Data Overrun
INFO  2018/04/12 10:05:58----- Program----- CreateTimeGraph -----Start store raw data
INFO  2018/04/12 10:06:00----- Program----- CreateTimeGraph -----Start store raw data
ERROR 2018/04/12 10:06:03----- Program----- waveformAiCtrl_Overrun -----Data Overrun
INFO  2018/04/12 10:06:04----- Program----- CreateTimeGraph -----Start store raw data
ERROR 2018/04/12 10:06:07----- Program----- waveformAiCtrl_Overrun -----Data Overrun
INFO  2018/04/12 10:06:08----- Program----- CreateTimeGraph -----Start store raw data
ERROR 2018/04/12 10:06:10----- Program----- waveformAiCtrl_Overrun -----Data Overrun
INFO  2018/04/12 10:06:13----- Program----- StopAcquisitionBtn_Click -----Stop to Data acquisition.
INFO  2018/04/12 16:35:40----- Program----- frmMain_Load -----Application Start
INFO  2018/04/12 16:42:37----- Program----- frmMain_Load -----Application Start
INFO  2018/04/12 16:52:36----- Program----- frmMain_Load -----Application Start
INFO  2018/04/12 16:53:50----- Program----- frmMain_Load -----Application Start
