INFO  2018/04/24 12:50:56----- Program----- frmMain_Load -----Application Start
INFO  2018/04/24 12:51:04----- Program----- StartAcquisitionBtn_Click -----Starts to Data acquisition.
INFO  2018/04/24 12:51:04----- Program----- StartAcquisitionBtn_Click -----Load DAQ parameter
ERROR 2018/04/24 12:51:04----- Program----- StartAcquisitionBtn_Click -----Faile to Load DAQ parameter message is---ErrorPropNotSpted
INFO  2018/04/24 12:51:04----- Program----- StartAcquisitionBtn_Click -----Start Data Collection
INFO  2018/04/24 12:51:30----- Program----- StopAcquisitionBtn_Click -----Stop to Data acquisition.
INFO  2018/04/24 12:51:35----- Program----- StartAcquisitionBtn_Click -----Starts to Data acquisition.
INFO  2018/04/24 12:51:35----- Program----- StartAcquisitionBtn_Click -----Load DAQ parameter
ERROR 2018/04/24 12:51:35----- Program----- StartAcquisitionBtn_Click -----Faile to Load DAQ parameter message is---ErrorPropNotSpted
INFO  2018/04/24 12:51:35----- Program----- StartAcquisitionBtn_Click -----Start Data Collection
INFO  2018/04/24 12:51:47----- Program----- CreateTimeGraph -----Start store raw data
INFO  2018/04/24 12:51:50----- Program----- CreateTimeGraph -----Start store raw data
INFO  2018/04/24 12:51:52----- Program----- CreateTimeGraph -----Start store raw data
INFO  2018/04/24 12:51:54----- Program----- CreateTimeGraph -----Start store raw data
INFO  2018/04/24 12:51:56----- Program----- CreateTimeGraph -----Start store raw data
INFO  2018/04/24 12:51:58----- Program----- CreateTimeGraph -----Start store raw data
INFO  2018/04/24 12:52:00----- Program----- CreateTimeGraph -----Start store raw data
INFO  2018/04/24 12:52:02----- Program----- CreateTimeGraph -----Start store raw data
INFO  2018/04/24 12:52:04----- Program----- CreateTimeGraph -----Start store raw data
INFO  2018/04/24 12:52:06----- Program----- CreateTimeGraph -----Start store raw data
INFO  2018/04/24 12:52:08----- Program----- CreateTimeGraph -----Start store raw data
INFO  2018/04/24 12:52:11----- Program----- CreateTimeGraph -----Start store raw data
INFO  2018/04/24 12:52:15----- Program----- CreateTimeGraph -----Start store raw data
INFO  2018/04/24 12:52:19----- Program----- CreateTimeGraph -----Start store raw data
INFO  2018/04/24 12:52:21----- Program----- CreateTimeGraph -----Start store raw data
INFO  2018/04/24 12:52:23----- Program----- CreateTimeGraph -----Start store raw data
INFO  2018/04/24 12:52:25----- Program----- CreateTimeGraph -----Start store raw data
INFO  2018/04/24 12:52:27----- Program----- CreateTimeGraph -----Start store raw data
ERROR 2018/04/24 12:52:30----- Program----- waveformAiCtrl_Overrun -----Data Overrun
INFO  2018/04/24 12:53:58----- Program----- frmMain_Load -----Application Start
INFO  2018/04/24 12:54:07----- Program----- StartAcquisitionBtn_Click -----Starts to Data acquisition.
INFO  2018/04/24 12:54:08----- Program----- StartAcquisitionBtn_Click -----Load DAQ parameter
ERROR 2018/04/24 12:54:08----- Program----- StartAcquisitionBtn_Click -----Faile to Load DAQ parameter message is---ErrorPropNotSpted
INFO  2018/04/24 12:54:08----- Program----- StartAcquisitionBtn_Click -----Start Data Collection
INFO  2018/04/24 12:54:16----- Program----- CreateTimeGraph -----Start store raw data
ERROR 2018/04/24 12:54:18----- Program----- waveformAiCtrl_Overrun -----Data Overrun
INFO  2018/04/24 12:54:18----- Program----- CreateTimeGraph -----Start store raw data
INFO  2018/04/24 12:54:20----- Program----- CreateTimeGraph -----Start store raw data
INFO  2018/04/24 12:54:22----- Program----- CreateTimeGraph -----Start store raw data
ERROR 2018/04/24 12:54:23----- Program----- waveformAiCtrl_Overrun -----Data Overrun
INFO  2018/04/24 12:54:35----- Program----- StopAcquisitionBtn_Click -----Stop to Data acquisition.
INFO  2018/04/24 12:54:40----- Program----- StartAcquisitionBtn_Click -----Starts to Data acquisition.
INFO  2018/04/24 12:54:40----- Program----- StartAcquisitionBtn_Click -----Load DAQ parameter
ERROR 2018/04/24 12:54:40----- Program----- StartAcquisitionBtn_Click -----Faile to Load DAQ parameter message is---ErrorPropNotSpted
INFO  2018/04/24 12:54:40----- Program----- StartAcquisitionBtn_Click -----Start Data Collection
INFO  2018/04/24 12:54:42----- Program----- CreateTimeGraph -----Start store raw data
INFO  2018/04/24 12:54:43----- Program----- CreateTimeGraph -----Start store raw data
INFO  2018/04/24 12:54:44----- Program----- CreateTimeGraph -----Start store raw data
INFO  2018/04/24 12:54:45----- Program----- CreateTimeGraph -----Start store raw data
INFO  2018/04/24 12:54:46----- Program----- CreateTimeGraph -----Start store raw data
INFO  2018/04/24 12:54:47----- Program----- CreateTimeGraph -----Start store raw data
INFO  2018/04/24 12:54:48----- Program----- CreateTimeGraph -----Start store raw data
INFO  2018/04/24 12:54:49----- Program----- CreateTimeGraph -----Start store raw data
INFO  2018/04/24 12:54:50----- Program----- CreateTimeGraph -----Start store raw data
INFO  2018/04/24 12:54:51----- Program----- CreateTimeGraph -----Start store raw data
INFO  2018/04/24 12:54:52----- Program----- CreateTimeGraph -----Start store raw data
INFO  2018/04/24 12:54:53----- Program----- CreateTimeGraph -----Start store raw data
INFO  2018/04/24 12:54:54----- Program----- CreateTimeGraph -----Start store raw data
INFO  2018/04/24 12:54:55----- Program----- CreateTimeGraph -----Start store raw data
INFO  2018/04/24 12:54:56----- Program----- CreateTimeGraph -----Start store raw data
INFO  2018/04/24 12:54:57----- Program----- CreateTimeGraph -----Start store raw data
INFO  2018/04/24 12:54:58----- Program----- CreateTimeGraph -----Start store raw data
INFO  2018/04/24 12:54:59----- Program----- CreateTimeGraph -----Start store raw data
INFO  2018/04/24 12:55:00----- Program----- CreateTimeGraph -----Start store raw data
INFO  2018/04/24 12:55:01----- Program----- CreateTimeGraph -----Start store raw data
INFO  2018/04/24 12:55:02----- Program----- CreateTimeGraph -----Start store raw data
INFO  2018/04/24 12:55:03----- Program----- CreateTimeGraph -----Start store raw data
INFO  2018/04/24 12:55:04----- Program----- CreateTimeGraph -----Start store raw data
INFO  2018/04/24 12:55:05----- Program----- CreateTimeGraph -----Start store raw data
INFO  2018/04/24 12:55:06----- Program----- CreateTimeGraph -----Start store raw data
INFO  2018/04/24 12:55:07----- Program----- CreateTimeGraph -----Start store raw data
INFO  2018/04/24 12:55:08----- Program----- CreateTimeGraph -----Start store raw data
INFO  2018/04/24 12:55:09----- Program----- CreateTimeGraph -----Start store raw data
INFO  2018/04/24 12:55:10----- Program----- CreateTimeGraph -----Start store raw data
INFO  2018/04/24 12:55:11----- Program----- CreateTimeGraph -----Start store raw data
INFO  2018/04/24 12:55:12----- Program----- CreateTimeGraph -----Start store raw data
INFO  2018/04/24 12:55:13----- Program----- CreateTimeGraph -----Start store raw data
INFO  2018/04/24 12:55:14----- Program----- CreateTimeGraph -----Start store raw data
INFO  2018/04/24 12:55:15----- Program----- CreateTimeGraph -----Start store raw data
INFO  2018/04/24 12:55:16----- Program----- CreateTimeGraph -----Start store raw data
INFO  2018/04/24 12:55:17----- Program----- CreateTimeGraph -----Start store raw data
INFO  2018/04/24 12:55:18----- Program----- CreateTimeGraph -----Start store raw data
INFO  2018/04/24 12:55:19----- Program----- CreateTimeGraph -----Start store raw data
INFO  2018/04/24 12:55:20----- Program----- CreateTimeGraph -----Start store raw data
INFO  2018/04/24 12:55:21----- Program----- CreateTimeGraph -----Start store raw data
INFO  2018/04/24 12:55:22----- Program----- CreateTimeGraph -----Start store raw data
INFO  2018/04/24 12:55:23----- Program----- CreateTimeGraph -----Start store raw data
INFO  2018/04/24 12:55:24----- Program----- CreateTimeGraph -----Start store raw data
INFO  2018/04/24 12:55:25----- Program----- CreateTimeGraph -----Start store raw data
INFO  2018/04/24 12:55:26----- Program----- CreateTimeGraph -----Start store raw data
INFO  2018/04/24 12:55:27----- Program----- CreateTimeGraph -----Start store raw data
INFO  2018/04/24 12:55:28----- Program----- CreateTimeGraph -----Start store raw data
INFO  2018/04/24 12:55:29----- Program----- CreateTimeGraph -----Start store raw data
INFO  2018/04/24 12:55:30----- Program----- CreateTimeGraph -----Start store raw data
INFO  2018/04/24 12:55:31----- Program----- CreateTimeGraph -----Start store raw data
INFO  2018/04/24 12:55:32----- Program----- CreateTimeGraph -----Start store raw data
INFO  2018/04/24 12:55:33----- Program----- CreateTimeGraph -----Start store raw data
INFO  2018/04/24 12:55:34----- Program----- CreateTimeGraph -----Start store raw data
INFO  2018/04/24 12:55:35----- Program----- CreateTimeGraph -----Start store raw data
INFO  2018/04/24 12:55:36----- Program----- CreateTimeGraph -----Start store raw data
INFO  2018/04/24 12:55:37----- Program----- CreateTimeGraph -----Start store raw data
INFO  2018/04/24 12:55:38----- Program----- CreateTimeGraph -----Start store raw data
INFO  2018/04/24 12:55:39----- Program----- CreateTimeGraph -----Start store raw data
INFO  2018/04/24 12:55:40----- Program----- CreateTimeGraph -----Start store raw data
INFO  2018/04/24 12:55:41----- Program----- CreateTimeGraph -----Start store raw data
INFO  2018/04/24 12:55:42----- Program----- CreateTimeGraph -----Start store raw data
INFO  2018/04/24 12:55:43----- Program----- CreateTimeGraph -----Start store raw data
INFO  2018/04/24 12:55:44----- Program----- CreateTimeGraph -----Start store raw data
INFO  2018/04/24 12:55:45----- Program----- CreateTimeGraph -----Start store raw data
INFO  2018/04/24 12:55:46----- Program----- CreateTimeGraph -----Start store raw data
INFO  2018/04/24 12:55:47----- Program----- CreateTimeGraph -----Start store raw data
INFO  2018/04/24 12:55:48----- Program----- CreateTimeGraph -----Start store raw data
INFO  2018/04/24 12:55:49----- Program----- CreateTimeGraph -----Start store raw data
INFO  2018/04/24 12:55:50----- Program----- CreateTimeGraph -----Start store raw data
INFO  2018/04/24 12:55:51----- Program----- CreateTimeGraph -----Start store raw data
INFO  2018/04/24 12:55:52----- Program----- CreateTimeGraph -----Start store raw data
INFO  2018/04/24 12:55:53----- Program----- CreateTimeGraph -----Start store raw data
INFO  2018/04/24 12:55:54----- Program----- CreateTimeGraph -----Start store raw data
INFO  2018/04/24 12:55:55----- Program----- CreateTimeGraph -----Start store raw data
INFO  2018/04/24 12:55:56----- Program----- CreateTimeGraph -----Start store raw data
INFO  2018/04/24 12:55:57----- Program----- CreateTimeGraph -----Start store raw data
INFO  2018/04/24 12:55:58----- Program----- CreateTimeGraph -----Start store raw data
INFO  2018/04/24 12:55:59----- Program----- CreateTimeGraph -----Start store raw data
INFO  2018/04/24 12:56:00----- Program----- CreateTimeGraph -----Start store raw data
INFO  2018/04/24 12:56:01----- Program----- CreateTimeGraph -----Start store raw data
INFO  2018/04/24 12:56:02----- Program----- CreateTimeGraph -----Start store raw data
INFO  2018/04/24 12:56:03----- Program----- CreateTimeGraph -----Start store raw data
INFO  2018/04/24 12:56:04----- Program----- CreateTimeGraph -----Start store raw data
INFO  2018/04/24 12:56:05----- Program----- CreateTimeGraph -----Start store raw data
INFO  2018/04/24 12:56:06----- Program----- CreateTimeGraph -----Start store raw data
INFO  2018/04/24 12:56:07----- Program----- CreateTimeGraph -----Start store raw data
INFO  2018/04/24 12:56:08----- Program----- CreateTimeGraph -----Start store raw data
INFO  2018/04/24 12:56:09----- Program----- CreateTimeGraph -----Start store raw data
INFO  2018/04/24 12:56:10----- Program----- CreateTimeGraph -----Start store raw data
INFO  2018/04/24 12:56:11----- Program----- CreateTimeGraph -----Start store raw data
INFO  2018/04/24 12:56:12----- Program----- CreateTimeGraph -----Start store raw data
INFO  2018/04/24 12:56:13----- Program----- CreateTimeGraph -----Start store raw data
INFO  2018/04/24 12:56:14----- Program----- CreateTimeGraph -----Start store raw data
INFO  2018/04/24 12:56:15----- Program----- CreateTimeGraph -----Start store raw data
INFO  2018/04/24 12:56:16----- Program----- CreateTimeGraph -----Start store raw data
INFO  2018/04/24 12:56:17----- Program----- CreateTimeGraph -----Start store raw data
INFO  2018/04/24 12:56:18----- Program----- CreateTimeGraph -----Start store raw data
INFO  2018/04/24 12:56:19----- Program----- CreateTimeGraph -----Start store raw data
INFO  2018/04/24 12:56:20----- Program----- CreateTimeGraph -----Start store raw data
INFO  2018/04/24 12:56:21----- Program----- CreateTimeGraph -----Start store raw data
INFO  2018/04/24 12:56:22----- Program----- CreateTimeGraph -----Start store raw data
INFO  2018/04/24 12:56:23----- Program----- CreateTimeGraph -----Start store raw data
INFO  2018/04/24 12:56:24----- Program----- CreateTimeGraph -----Start store raw data
INFO  2018/04/24 12:56:25----- Program----- CreateTimeGraph -----Start store raw data
INFO  2018/04/24 12:56:26----- Program----- CreateTimeGraph -----Start store raw data
INFO  2018/04/24 12:56:27----- Program----- CreateTimeGraph -----Start store raw data
INFO  2018/04/24 12:56:28----- Program----- CreateTimeGraph -----Start store raw data
INFO  2018/04/24 12:56:29----- Program----- CreateTimeGraph -----Start store raw data
INFO  2018/04/24 12:56:30----- Program----- CreateTimeGraph -----Start store raw data
INFO  2018/04/24 12:56:31----- Program----- CreateTimeGraph -----Start store raw data
INFO  2018/04/24 12:56:32----- Program----- CreateTimeGraph -----Start store raw data
INFO  2018/04/24 12:56:33----- Program----- CreateTimeGraph -----Start store raw data
INFO  2018/04/24 12:56:34----- Program----- CreateTimeGraph -----Start store raw data
INFO  2018/04/24 12:56:35----- Program----- CreateTimeGraph -----Start store raw data
INFO  2018/04/24 12:56:36----- Program----- CreateTimeGraph -----Start store raw data
INFO  2018/04/24 12:56:37----- Program----- CreateTimeGraph -----Start store raw data
INFO  2018/04/24 12:56:38----- Program----- CreateTimeGraph -----Start store raw data
INFO  2018/04/24 12:56:39----- Program----- CreateTimeGraph -----Start store raw data
INFO  2018/04/24 12:56:40----- Program----- CreateTimeGraph -----Start store raw data
INFO  2018/04/24 12:56:41----- Program----- CreateTimeGraph -----Start store raw data
INFO  2018/04/24 12:56:42----- Program----- CreateTimeGraph -----Start store raw data
INFO  2018/04/24 12:56:43----- Program----- CreateTimeGraph -----Start store raw data
INFO  2018/04/24 12:56:44----- Program----- CreateTimeGraph -----Start store raw data
INFO  2018/04/24 12:56:45----- Program----- CreateTimeGraph -----Start store raw data
INFO  2018/04/24 12:56:46----- Program----- CreateTimeGraph -----Start store raw data
INFO  2018/04/24 12:56:47----- Program----- CreateTimeGraph -----Start store raw data
INFO  2018/04/24 12:56:48----- Program----- CreateTimeGraph -----Start store raw data
INFO  2018/04/24 12:56:49----- Program----- CreateTimeGraph -----Start store raw data
INFO  2018/04/24 12:56:50----- Program----- CreateTimeGraph -----Start store raw data
INFO  2018/04/24 12:56:51----- Program----- CreateTimeGraph -----Start store raw data
INFO  2018/04/24 12:56:52----- Program----- CreateTimeGraph -----Start store raw data
INFO  2018/04/24 12:56:53----- Program----- CreateTimeGraph -----Start store raw data
INFO  2018/04/24 12:56:54----- Program----- CreateTimeGraph -----Start store raw data
INFO  2018/04/24 12:56:55----- Program----- CreateTimeGraph -----Start store raw data
INFO  2018/04/24 12:56:56----- Program----- CreateTimeGraph -----Start store raw data
INFO  2018/04/24 12:56:57----- Program----- CreateTimeGraph -----Start store raw data
INFO  2018/04/24 12:56:58----- Program----- CreateTimeGraph -----Start store raw data
INFO  2018/04/24 12:56:59----- Program----- CreateTimeGraph -----Start store raw data
INFO  2018/04/24 12:57:00----- Program----- CreateTimeGraph -----Start store raw data
INFO  2018/04/24 12:57:01----- Program----- CreateTimeGraph -----Start store raw data
INFO  2018/04/24 12:57:02----- Program----- CreateTimeGraph -----Start store raw data
INFO  2018/04/24 12:57:03----- Program----- CreateTimeGraph -----Start store raw data
INFO  2018/04/24 12:57:04----- Program----- CreateTimeGraph -----Start store raw data
INFO  2018/04/24 12:57:05----- Program----- CreateTimeGraph -----Start store raw data
INFO  2018/04/24 12:57:06----- Program----- CreateTimeGraph -----Start store raw data
INFO  2018/04/24 12:57:07----- Program----- CreateTimeGraph -----Start store raw data
INFO  2018/04/24 12:57:08----- Program----- CreateTimeGraph -----Start store raw data
INFO  2018/04/24 12:57:09----- Program----- CreateTimeGraph -----Start store raw data
INFO  2018/04/24 12:57:10----- Program----- CreateTimeGraph -----Start store raw data
INFO  2018/04/24 12:57:11----- Program----- CreateTimeGraph -----Start store raw data
INFO  2018/04/24 12:57:12----- Program----- CreateTimeGraph -----Start store raw data
INFO  2018/04/24 12:57:13----- Program----- CreateTimeGraph -----Start store raw data
INFO  2018/04/24 12:57:14----- Program----- CreateTimeGraph -----Start store raw data
INFO  2018/04/24 12:57:15----- Program----- CreateTimeGraph -----Start store raw data
INFO  2018/04/24 12:57:16----- Program----- CreateTimeGraph -----Start store raw data
INFO  2018/04/24 12:57:17----- Program----- CreateTimeGraph -----Start store raw data
INFO  2018/04/24 12:57:18----- Program----- CreateTimeGraph -----Start store raw data
INFO  2018/04/24 12:57:19----- Program----- CreateTimeGraph -----Start store raw data
INFO  2018/04/24 12:57:20----- Program----- CreateTimeGraph -----Start store raw data
INFO  2018/04/24 12:57:21----- Program----- CreateTimeGraph -----Start store raw data
INFO  2018/04/24 12:57:22----- Program----- CreateTimeGraph -----Start store raw data
INFO  2018/04/24 12:57:23----- Program----- CreateTimeGraph -----Start store raw data
INFO  2018/04/24 12:57:24----- Program----- CreateTimeGraph -----Start store raw data
INFO  2018/04/24 12:57:25----- Program----- CreateTimeGraph -----Start store raw data
INFO  2018/04/24 12:57:26----- Program----- CreateTimeGraph -----Start store raw data
INFO  2018/04/24 12:57:27----- Program----- CreateTimeGraph -----Start store raw data
INFO  2018/04/24 12:57:29----- Program----- CreateTimeGraph -----Start store raw data
INFO  2018/04/24 12:57:30----- Program----- CreateTimeGraph -----Start store raw data
INFO  2018/04/24 12:57:31----- Program----- CreateTimeGraph -----Start store raw data
INFO  2018/04/24 12:57:31----- Program----- CreateTimeGraph -----Start store raw data
INFO  2018/04/24 12:57:33----- Program----- CreateTimeGraph -----Start store raw data
INFO  2018/04/24 12:57:34----- Program----- CreateTimeGraph -----Start store raw data
INFO  2018/04/24 12:57:35----- Program----- CreateTimeGraph -----Start store raw data
INFO  2018/04/24 12:57:36----- Program----- CreateTimeGraph -----Start store raw data
INFO  2018/04/24 12:57:37----- Program----- CreateTimeGraph -----Start store raw data
INFO  2018/04/24 12:57:38----- Program----- CreateTimeGraph -----Start store raw data
INFO  2018/04/24 12:57:39----- Program----- CreateTimeGraph -----Start store raw data
INFO  2018/04/24 12:57:39----- Program----- CreateTimeGraph -----Start store raw data
INFO  2018/04/24 12:57:40----- Program----- CreateTimeGraph -----Start store raw data
INFO  2018/04/24 12:57:41----- Program----- CreateTimeGraph -----Start store raw data
INFO  2018/04/24 12:57:42----- Program----- CreateTimeGraph -----Start store raw data
INFO  2018/04/24 12:57:43----- Program----- CreateTimeGraph -----Start store raw data
INFO  2018/04/24 12:57:44----- Program----- CreateTimeGraph -----Start store raw data
INFO  2018/04/24 12:57:45----- Program----- CreateTimeGraph -----Start store raw data
INFO  2018/04/24 12:57:46----- Program----- CreateTimeGraph -----Start store raw data
INFO  2018/04/24 12:57:47----- Program----- CreateTimeGraph -----Start store raw data
INFO  2018/04/24 12:57:48----- Program----- CreateTimeGraph -----Start store raw data
INFO  2018/04/24 12:57:49----- Program----- CreateTimeGraph -----Start store raw data
INFO  2018/04/24 12:57:50----- Program----- CreateTimeGraph -----Start store raw data
INFO  2018/04/24 12:57:51----- Program----- CreateTimeGraph -----Start store raw data
INFO  2018/04/24 12:57:52----- Program----- CreateTimeGraph -----Start store raw data
INFO  2018/04/24 12:57:53----- Program----- CreateTimeGraph -----Start store raw data
INFO  2018/04/24 12:57:54----- Program----- CreateTimeGraph -----Start store raw data
INFO  2018/04/24 12:57:55----- Program----- CreateTimeGraph -----Start store raw data
INFO  2018/04/24 12:57:56----- Program----- CreateTimeGraph -----Start store raw data
INFO  2018/04/24 12:57:57----- Program----- CreateTimeGraph -----Start store raw data
INFO  2018/04/24 12:57:58----- Program----- CreateTimeGraph -----Start store raw data
INFO  2018/04/24 12:57:59----- Program----- CreateTimeGraph -----Start store raw data
INFO  2018/04/24 12:58:00----- Program----- CreateTimeGraph -----Start store raw data
INFO  2018/04/24 12:58:01----- Program----- CreateTimeGraph -----Start store raw data
INFO  2018/04/24 12:58:02----- Program----- CreateTimeGraph -----Start store raw data
INFO  2018/04/24 12:58:03----- Program----- CreateTimeGraph -----Start store raw data
INFO  2018/04/24 12:58:04----- Program----- CreateTimeGraph -----Start store raw data
INFO  2018/04/24 12:58:05----- Program----- CreateTimeGraph -----Start store raw data
INFO  2018/04/24 12:58:06----- Program----- CreateTimeGraph -----Start store raw data
INFO  2018/04/24 12:58:07----- Program----- CreateTimeGraph -----Start store raw data
INFO  2018/04/24 12:58:08----- Program----- CreateTimeGraph -----Start store raw data
INFO  2018/04/24 12:58:09----- Program----- CreateTimeGraph -----Start store raw data
INFO  2018/04/24 12:58:10----- Program----- CreateTimeGraph -----Start store raw data
INFO  2018/04/24 12:58:11----- Program----- CreateTimeGraph -----Start store raw data
INFO  2018/04/24 12:58:12----- Program----- CreateTimeGraph -----Start store raw data
INFO  2018/04/24 12:58:13----- Program----- CreateTimeGraph -----Start store raw data
INFO  2018/04/24 12:58:14----- Program----- CreateTimeGraph -----Start store raw data
INFO  2018/04/24 12:58:15----- Program----- CreateTimeGraph -----Start store raw data
INFO  2018/04/24 12:58:16----- Program----- CreateTimeGraph -----Start store raw data
INFO  2018/04/24 12:58:17----- Program----- CreateTimeGraph -----Start store raw data
INFO  2018/04/24 12:58:18----- Program----- CreateTimeGraph -----Start store raw data
INFO  2018/04/24 12:58:19----- Program----- CreateTimeGraph -----Start store raw data
INFO  2018/04/24 12:58:20----- Program----- CreateTimeGraph -----Start store raw data
INFO  2018/04/24 12:58:21----- Program----- CreateTimeGraph -----Start store raw data
INFO  2018/04/24 12:58:22----- Program----- CreateTimeGraph -----Start store raw data
INFO  2018/04/24 12:58:23----- Program----- CreateTimeGraph -----Start store raw data
INFO  2018/04/24 12:58:24----- Program----- CreateTimeGraph -----Start store raw data
INFO  2018/04/24 12:58:25----- Program----- CreateTimeGraph -----Start store raw data
INFO  2018/04/24 12:58:26----- Program----- CreateTimeGraph -----Start store raw data
INFO  2018/04/24 12:58:27----- Program----- CreateTimeGraph -----Start store raw data
INFO  2018/04/24 12:58:28----- Program----- CreateTimeGraph -----Start store raw data
INFO  2018/04/24 12:58:29----- Program----- CreateTimeGraph -----Start store raw data
INFO  2018/04/24 12:58:30----- Program----- CreateTimeGraph -----Start store raw data
INFO  2018/04/24 12:58:31----- Program----- CreateTimeGraph -----Start store raw data
INFO  2018/04/24 12:58:32----- Program----- CreateTimeGraph -----Start store raw data
INFO  2018/04/24 12:58:33----- Program----- CreateTimeGraph -----Start store raw data
INFO  2018/04/24 12:58:34----- Program----- CreateTimeGraph -----Start store raw data
INFO  2018/04/24 12:58:35----- Program----- CreateTimeGraph -----Start store raw data
INFO  2018/04/24 12:58:36----- Program----- CreateTimeGraph -----Start store raw data
INFO  2018/04/24 12:58:37----- Program----- CreateTimeGraph -----Start store raw data
INFO  2018/04/24 12:58:38----- Program----- CreateTimeGraph -----Start store raw data
INFO  2018/04/24 12:58:39----- Program----- CreateTimeGraph -----Start store raw data
INFO  2018/04/24 12:58:40----- Program----- CreateTimeGraph -----Start store raw data
INFO  2018/04/24 12:58:41----- Program----- CreateTimeGraph -----Start store raw data
INFO  2018/04/24 12:58:42----- Program----- CreateTimeGraph -----Start store raw data
INFO  2018/04/24 12:58:43----- Program----- CreateTimeGraph -----Start store raw data
INFO  2018/04/24 12:58:44----- Program----- CreateTimeGraph -----Start store raw data
INFO  2018/04/24 12:58:45----- Program----- CreateTimeGraph -----Start store raw data
INFO  2018/04/24 12:58:46----- Program----- CreateTimeGraph -----Start store raw data
INFO  2018/04/24 12:58:47----- Program----- CreateTimeGraph -----Start store raw data
INFO  2018/04/24 12:58:48----- Program----- CreateTimeGraph -----Start store raw data
INFO  2018/04/24 12:58:49----- Program----- CreateTimeGraph -----Start store raw data
INFO  2018/04/24 12:58:50----- Program----- CreateTimeGraph -----Start store raw data
INFO  2018/04/24 12:58:51----- Program----- CreateTimeGraph -----Start store raw data
INFO  2018/04/24 12:58:52----- Program----- CreateTimeGraph -----Start store raw data
INFO  2018/04/24 12:58:53----- Program----- CreateTimeGraph -----Start store raw data
INFO  2018/04/24 12:58:54----- Program----- CreateTimeGraph -----Start store raw data
INFO  2018/04/24 12:58:55----- Program----- CreateTimeGraph -----Start store raw data
INFO  2018/04/24 12:58:56----- Program----- CreateTimeGraph -----Start store raw data
INFO  2018/04/24 12:58:57----- Program----- CreateTimeGraph -----Start store raw data
INFO  2018/04/24 12:58:58----- Program----- CreateTimeGraph -----Start store raw data
INFO  2018/04/24 12:58:59----- Program----- CreateTimeGraph -----Start store raw data
INFO  2018/04/24 12:59:00----- Program----- CreateTimeGraph -----Start store raw data
INFO  2018/04/24 12:59:01----- Program----- CreateTimeGraph -----Start store raw data
INFO  2018/04/24 12:59:02----- Program----- CreateTimeGraph -----Start store raw data
INFO  2018/04/24 12:59:03----- Program----- CreateTimeGraph -----Start store raw data
INFO  2018/04/24 12:59:04----- Program----- CreateTimeGraph -----Start store raw data
INFO  2018/04/24 12:59:05----- Program----- CreateTimeGraph -----Start store raw data
INFO  2018/04/24 12:59:06----- Program----- CreateTimeGraph -----Start store raw data
INFO  2018/04/24 12:59:07----- Program----- CreateTimeGraph -----Start store raw data
INFO  2018/04/24 12:59:08----- Program----- CreateTimeGraph -----Start store raw data
INFO  2018/04/24 12:59:09----- Program----- CreateTimeGraph -----Start store raw data
INFO  2018/04/24 12:59:10----- Program----- CreateTimeGraph -----Start store raw data
INFO  2018/04/24 12:59:11----- Program----- CreateTimeGraph -----Start store raw data
INFO  2018/04/24 12:59:12----- Program----- CreateTimeGraph -----Start store raw data
INFO  2018/04/24 12:59:13----- Program----- CreateTimeGraph -----Start store raw data
INFO  2018/04/24 12:59:14----- Program----- CreateTimeGraph -----Start store raw data
INFO  2018/04/24 12:59:15----- Program----- CreateTimeGraph -----Start store raw data
INFO  2018/04/24 12:59:16----- Program----- CreateTimeGraph -----Start store raw data
INFO  2018/04/24 12:59:17----- Program----- CreateTimeGraph -----Start store raw data
INFO  2018/04/24 12:59:18----- Program----- CreateTimeGraph -----Start store raw data
INFO  2018/04/24 12:59:19----- Program----- CreateTimeGraph -----Start store raw data
INFO  2018/04/24 12:59:20----- Program----- CreateTimeGraph -----Start store raw data
INFO  2018/04/24 12:59:21----- Program----- CreateTimeGraph -----Start store raw data
INFO  2018/04/24 12:59:22----- Program----- CreateTimeGraph -----Start store raw data
INFO  2018/04/24 12:59:23----- Program----- CreateTimeGraph -----Start store raw data
INFO  2018/04/24 12:59:24----- Program----- CreateTimeGraph -----Start store raw data
INFO  2018/04/24 12:59:25----- Program----- CreateTimeGraph -----Start store raw data
INFO  2018/04/24 12:59:26----- Program----- CreateTimeGraph -----Start store raw data
INFO  2018/04/24 12:59:27----- Program----- CreateTimeGraph -----Start store raw data
INFO  2018/04/24 12:59:28----- Program----- CreateTimeGraph -----Start store raw data
INFO  2018/04/24 12:59:29----- Program----- CreateTimeGraph -----Start store raw data
INFO  2018/04/24 12:59:30----- Program----- CreateTimeGraph -----Start store raw data
INFO  2018/04/24 12:59:31----- Program----- CreateTimeGraph -----Start store raw data
INFO  2018/04/24 12:59:32----- Program----- CreateTimeGraph -----Start store raw data
INFO  2018/04/24 12:59:33----- Program----- CreateTimeGraph -----Start store raw data
INFO  2018/04/24 12:59:34----- Program----- CreateTimeGraph -----Start store raw data
INFO  2018/04/24 12:59:35----- Program----- CreateTimeGraph -----Start store raw data
INFO  2018/04/24 12:59:36----- Program----- CreateTimeGraph -----Start store raw data
INFO  2018/04/24 12:59:37----- Program----- CreateTimeGraph -----Start store raw data
INFO  2018/04/24 12:59:38----- Program----- CreateTimeGraph -----Start store raw data
INFO  2018/04/24 12:59:39----- Program----- CreateTimeGraph -----Start store raw data
INFO  2018/04/24 12:59:40----- Program----- CreateTimeGraph -----Start store raw data
INFO  2018/04/24 12:59:41----- Program----- CreateTimeGraph -----Start store raw data
INFO  2018/04/24 12:59:42----- Program----- CreateTimeGraph -----Start store raw data
INFO  2018/04/24 12:59:43----- Program----- CreateTimeGraph -----Start store raw data
INFO  2018/04/24 12:59:44----- Program----- CreateTimeGraph -----Start store raw data
INFO  2018/04/24 12:59:45----- Program----- CreateTimeGraph -----Start store raw data
INFO  2018/04/24 12:59:46----- Program----- CreateTimeGraph -----Start store raw data
INFO  2018/04/24 12:59:47----- Program----- CreateTimeGraph -----Start store raw data
INFO  2018/04/24 12:59:48----- Program----- CreateTimeGraph -----Start store raw data
INFO  2018/04/24 12:59:49----- Program----- CreateTimeGraph -----Start store raw data
INFO  2018/04/24 12:59:50----- Program----- CreateTimeGraph -----Start store raw data
INFO  2018/04/24 12:59:51----- Program----- CreateTimeGraph -----Start store raw data
INFO  2018/04/24 12:59:52----- Program----- CreateTimeGraph -----Start store raw data
INFO  2018/04/24 12:59:53----- Program----- CreateTimeGraph -----Start store raw data
INFO  2018/04/24 12:59:54----- Program----- CreateTimeGraph -----Start store raw data
INFO  2018/04/24 12:59:55----- Program----- CreateTimeGraph -----Start store raw data
INFO  2018/04/24 12:59:56----- Program----- CreateTimeGraph -----Start store raw data
INFO  2018/04/24 12:59:57----- Program----- CreateTimeGraph -----Start store raw data
INFO  2018/04/24 12:59:58----- Program----- CreateTimeGraph -----Start store raw data
INFO  2018/04/24 12:59:59----- Program----- CreateTimeGraph -----Start store raw data
INFO  2018/04/24 13:00:00----- Program----- CreateTimeGraph -----Start store raw data
INFO  2018/04/24 13:00:01----- Program----- CreateTimeGraph -----Start store raw data
INFO  2018/04/24 13:00:02----- Program----- CreateTimeGraph -----Start store raw data
INFO  2018/04/24 13:00:03----- Program----- CreateTimeGraph -----Start store raw data
INFO  2018/04/24 13:00:04----- Program----- CreateTimeGraph -----Start store raw data
INFO  2018/04/24 13:00:05----- Program----- CreateTimeGraph -----Start store raw data
INFO  2018/04/24 13:00:06----- Program----- CreateTimeGraph -----Start store raw data
INFO  2018/04/24 13:00:07----- Program----- CreateTimeGraph -----Start store raw data
INFO  2018/04/24 13:00:08----- Program----- CreateTimeGraph -----Start store raw data
INFO  2018/04/24 13:00:09----- Program----- CreateTimeGraph -----Start store raw data
INFO  2018/04/24 13:00:10----- Program----- CreateTimeGraph -----Start store raw data
INFO  2018/04/24 13:00:11----- Program----- CreateTimeGraph -----Start store raw data
INFO  2018/04/24 13:00:12----- Program----- CreateTimeGraph -----Start store raw data
INFO  2018/04/24 13:00:13----- Program----- CreateTimeGraph -----Start store raw data
INFO  2018/04/24 13:00:14----- Program----- CreateTimeGraph -----Start store raw data
INFO  2018/04/24 13:00:15----- Program----- CreateTimeGraph -----Start store raw data
INFO  2018/04/24 13:00:16----- Program----- CreateTimeGraph -----Start store raw data
INFO  2018/04/24 13:00:17----- Program----- CreateTimeGraph -----Start store raw data
INFO  2018/04/24 13:00:18----- Program----- CreateTimeGraph -----Start store raw data
INFO  2018/04/24 13:00:19----- Program----- CreateTimeGraph -----Start store raw data
INFO  2018/04/24 13:00:20----- Program----- CreateTimeGraph -----Start store raw data
INFO  2018/04/24 13:00:21----- Program----- CreateTimeGraph -----Start store raw data
INFO  2018/04/24 13:00:22----- Program----- CreateTimeGraph -----Start store raw data
INFO  2018/04/24 13:00:23----- Program----- CreateTimeGraph -----Start store raw data
INFO  2018/04/24 13:00:24----- Program----- CreateTimeGraph -----Start store raw data
INFO  2018/04/24 13:00:25----- Program----- CreateTimeGraph -----Start store raw data
INFO  2018/04/24 13:00:26----- Program----- CreateTimeGraph -----Start store raw data
INFO  2018/04/24 13:00:27----- Program----- CreateTimeGraph -----Start store raw data
INFO  2018/04/24 13:00:28----- Program----- CreateTimeGraph -----Start store raw data
INFO  2018/04/24 13:00:29----- Program----- CreateTimeGraph -----Start store raw data
INFO  2018/04/24 13:00:30----- Program----- CreateTimeGraph -----Start store raw data
INFO  2018/04/24 13:00:31----- Program----- CreateTimeGraph -----Start store raw data
INFO  2018/04/24 13:00:32----- Program----- CreateTimeGraph -----Start store raw data
INFO  2018/04/24 13:00:33----- Program----- CreateTimeGraph -----Start store raw data
INFO  2018/04/24 13:00:34----- Program----- CreateTimeGraph -----Start store raw data
INFO  2018/04/24 13:00:35----- Program----- CreateTimeGraph -----Start store raw data
INFO  2018/04/24 13:00:36----- Program----- CreateTimeGraph -----Start store raw data
INFO  2018/04/24 13:00:37----- Program----- CreateTimeGraph -----Start store raw data
INFO  2018/04/24 13:00:38----- Program----- CreateTimeGraph -----Start store raw data
INFO  2018/04/24 13:00:39----- Program----- CreateTimeGraph -----Start store raw data
INFO  2018/04/24 13:00:40----- Program----- CreateTimeGraph -----Start store raw data
INFO  2018/04/24 13:00:41----- Program----- CreateTimeGraph -----Start store raw data
INFO  2018/04/24 13:00:42----- Program----- CreateTimeGraph -----Start store raw data
INFO  2018/04/24 13:00:43----- Program----- CreateTimeGraph -----Start store raw data
INFO  2018/04/24 13:00:44----- Program----- CreateTimeGraph -----Start store raw data
INFO  2018/04/24 13:00:45----- Program----- CreateTimeGraph -----Start store raw data
INFO  2018/04/24 13:00:46----- Program----- CreateTimeGraph -----Start store raw data
INFO  2018/04/24 13:00:47----- Program----- CreateTimeGraph -----Start store raw data
INFO  2018/04/24 13:00:48----- Program----- CreateTimeGraph -----Start store raw data
INFO  2018/04/24 13:00:49----- Program----- CreateTimeGraph -----Start store raw data
INFO  2018/04/24 13:00:50----- Program----- CreateTimeGraph -----Start store raw data
INFO  2018/04/24 13:00:51----- Program----- CreateTimeGraph -----Start store raw data
INFO  2018/04/24 13:00:52----- Program----- CreateTimeGraph -----Start store raw data
INFO  2018/04/24 13:00:53----- Program----- CreateTimeGraph -----Start store raw data
INFO  2018/04/24 13:00:54----- Program----- CreateTimeGraph -----Start store raw data
INFO  2018/04/24 13:00:55----- Program----- CreateTimeGraph -----Start store raw data
INFO  2018/04/24 13:00:56----- Program----- CreateTimeGraph -----Start store raw data
INFO  2018/04/24 13:00:57----- Program----- CreateTimeGraph -----Start store raw data
INFO  2018/04/24 13:00:58----- Program----- CreateTimeGraph -----Start store raw data
INFO  2018/04/24 13:00:59----- Program----- CreateTimeGraph -----Start store raw data
INFO  2018/04/24 13:01:00----- Program----- CreateTimeGraph -----Start store raw data
INFO  2018/04/24 13:01:01----- Program----- CreateTimeGraph -----Start store raw data
INFO  2018/04/24 13:01:02----- Program----- CreateTimeGraph -----Start store raw data
INFO  2018/04/24 13:01:03----- Program----- CreateTimeGraph -----Start store raw data
INFO  2018/04/24 13:01:04----- Program----- CreateTimeGraph -----Start store raw data
INFO  2018/04/24 13:01:05----- Program----- CreateTimeGraph -----Start store raw data
INFO  2018/04/24 13:01:06----- Program----- CreateTimeGraph -----Start store raw data
INFO  2018/04/24 13:01:07----- Program----- CreateTimeGraph -----Start store raw data
INFO  2018/04/24 13:01:08----- Program----- CreateTimeGraph -----Start store raw data
INFO  2018/04/24 13:01:09----- Program----- CreateTimeGraph -----Start store raw data
INFO  2018/04/24 13:01:10----- Program----- CreateTimeGraph -----Start store raw data
INFO  2018/04/24 13:01:11----- Program----- CreateTimeGraph -----Start store raw data
INFO  2018/04/24 13:01:12----- Program----- CreateTimeGraph -----Start store raw data
INFO  2018/04/24 13:01:13----- Program----- CreateTimeGraph -----Start store raw data
INFO  2018/04/24 13:01:14----- Program----- CreateTimeGraph -----Start store raw data
INFO  2018/04/24 13:01:15----- Program----- CreateTimeGraph -----Start store raw data
INFO  2018/04/24 13:01:16----- Program----- CreateTimeGraph -----Start store raw data
INFO  2018/04/24 13:01:17----- Program----- CreateTimeGraph -----Start store raw data
INFO  2018/04/24 13:01:18----- Program----- CreateTimeGraph -----Start store raw data
INFO  2018/04/24 13:01:19----- Program----- CreateTimeGraph -----Start store raw data
INFO  2018/04/24 13:01:20----- Program----- CreateTimeGraph -----Start store raw data
INFO  2018/04/24 13:01:21----- Program----- CreateTimeGraph -----Start store raw data
INFO  2018/04/24 13:01:22----- Program----- CreateTimeGraph -----Start store raw data
INFO  2018/04/24 13:01:23----- Program----- CreateTimeGraph -----Start store raw data
INFO  2018/04/24 13:01:24----- Program----- CreateTimeGraph -----Start store raw data
INFO  2018/04/24 13:01:25----- Program----- CreateTimeGraph -----Start store raw data
INFO  2018/04/24 13:01:26----- Program----- CreateTimeGraph -----Start store raw data
INFO  2018/04/24 13:01:27----- Program----- CreateTimeGraph -----Start store raw data
INFO  2018/04/24 13:01:28----- Program----- CreateTimeGraph -----Start store raw data
INFO  2018/04/24 13:01:29----- Program----- CreateTimeGraph -----Start store raw data
INFO  2018/04/24 13:01:30----- Program----- CreateTimeGraph -----Start store raw data
INFO  2018/04/24 13:01:31----- Program----- CreateTimeGraph -----Start store raw data
INFO  2018/04/24 13:01:32----- Program----- CreateTimeGraph -----Start store raw data
INFO  2018/04/24 13:01:33----- Program----- CreateTimeGraph -----Start store raw data
INFO  2018/04/24 13:01:34----- Program----- CreateTimeGraph -----Start store raw data
INFO  2018/04/24 13:01:35----- Program----- CreateTimeGraph -----Start store raw data
INFO  2018/04/24 13:01:36----- Program----- CreateTimeGraph -----Start store raw data
INFO  2018/04/24 13:01:37----- Program----- CreateTimeGraph -----Start store raw data
INFO  2018/04/24 13:01:38----- Program----- CreateTimeGraph -----Start store raw data
INFO  2018/04/24 13:01:39----- Program----- CreateTimeGraph -----Start store raw data
INFO  2018/04/24 13:01:40----- Program----- CreateTimeGraph -----Start store raw data
INFO  2018/04/24 13:01:41----- Program----- CreateTimeGraph -----Start store raw data
INFO  2018/04/24 13:01:42----- Program----- CreateTimeGraph -----Start store raw data
INFO  2018/04/24 13:01:43----- Program----- CreateTimeGraph -----Start store raw data
INFO  2018/04/24 13:01:44----- Program----- CreateTimeGraph -----Start store raw data
INFO  2018/04/24 13:01:45----- Program----- CreateTimeGraph -----Start store raw data
INFO  2018/04/24 13:01:46----- Program----- CreateTimeGraph -----Start store raw data
INFO  2018/04/24 13:01:47----- Program----- CreateTimeGraph -----Start store raw data
INFO  2018/04/24 13:01:48----- Program----- CreateTimeGraph -----Start store raw data
INFO  2018/04/24 13:01:49----- Program----- CreateTimeGraph -----Start store raw data
INFO  2018/04/24 13:01:50----- Program----- CreateTimeGraph -----Start store raw data
INFO  2018/04/24 13:01:51----- Program----- CreateTimeGraph -----Start store raw data
INFO  2018/04/24 13:01:52----- Program----- CreateTimeGraph -----Start store raw data
INFO  2018/04/24 13:01:53----- Program----- CreateTimeGraph -----Start store raw data
INFO  2018/04/24 13:01:54----- Program----- CreateTimeGraph -----Start store raw data
INFO  2018/04/24 13:01:55----- Program----- CreateTimeGraph -----Start store raw data
INFO  2018/04/24 13:01:56----- Program----- CreateTimeGraph -----Start store raw data
INFO  2018/04/24 13:01:57----- Program----- CreateTimeGraph -----Start store raw data
INFO  2018/04/24 13:01:58----- Program----- CreateTimeGraph -----Start store raw data
INFO  2018/04/24 13:01:59----- Program----- CreateTimeGraph -----Start store raw data
INFO  2018/04/24 13:02:00----- Program----- CreateTimeGraph -----Start store raw data
INFO  2018/04/24 13:02:01----- Program----- CreateTimeGraph -----Start store raw data
INFO  2018/04/24 13:02:02----- Program----- CreateTimeGraph -----Start store raw data
INFO  2018/04/24 13:02:03----- Program----- CreateTimeGraph -----Start store raw data
INFO  2018/04/24 13:02:04----- Program----- CreateTimeGraph -----Start store raw data
INFO  2018/04/24 13:02:05----- Program----- CreateTimeGraph -----Start store raw data
INFO  2018/04/24 13:02:06----- Program----- CreateTimeGraph -----Start store raw data
INFO  2018/04/24 13:02:07----- Program----- CreateTimeGraph -----Start store raw data
INFO  2018/04/24 13:02:08----- Program----- CreateTimeGraph -----Start store raw data
INFO  2018/04/24 13:02:09----- Program----- CreateTimeGraph -----Start store raw data
INFO  2018/04/24 13:02:10----- Program----- CreateTimeGraph -----Start store raw data
INFO  2018/04/24 13:02:11----- Program----- CreateTimeGraph -----Start store raw data
INFO  2018/04/24 13:02:12----- Program----- CreateTimeGraph -----Start store raw data
INFO  2018/04/24 13:02:13----- Program----- CreateTimeGraph -----Start store raw data
INFO  2018/04/24 13:02:14----- Program----- CreateTimeGraph -----Start store raw data
INFO  2018/04/24 13:02:15----- Program----- CreateTimeGraph -----Start store raw data
INFO  2018/04/24 13:02:16----- Program----- CreateTimeGraph -----Start store raw data
INFO  2018/04/24 13:02:17----- Program----- CreateTimeGraph -----Start store raw data
INFO  2018/04/24 13:02:18----- Program----- CreateTimeGraph -----Start store raw data
INFO  2018/04/24 13:02:19----- Program----- CreateTimeGraph -----Start store raw data
INFO  2018/04/24 13:02:20----- Program----- CreateTimeGraph -----Start store raw data
INFO  2018/04/24 13:02:21----- Program----- CreateTimeGraph -----Start store raw data
INFO  2018/04/24 13:02:22----- Program----- CreateTimeGraph -----Start store raw data
INFO  2018/04/24 13:02:23----- Program----- CreateTimeGraph -----Start store raw data
INFO  2018/04/24 13:02:24----- Program----- CreateTimeGraph -----Start store raw data
INFO  2018/04/24 13:02:25----- Program----- CreateTimeGraph -----Start store raw data
INFO  2018/04/24 13:02:26----- Program----- CreateTimeGraph -----Start store raw data
INFO  2018/04/24 13:02:27----- Program----- CreateTimeGraph -----Start store raw data
INFO  2018/04/24 13:02:28----- Program----- CreateTimeGraph -----Start store raw data
INFO  2018/04/24 13:02:29----- Program----- CreateTimeGraph -----Start store raw data
INFO  2018/04/24 13:02:30----- Program----- CreateTimeGraph -----Start store raw data
INFO  2018/04/24 13:02:31----- Program----- CreateTimeGraph -----Start store raw data
INFO  2018/04/24 13:02:32----- Program----- CreateTimeGraph -----Start store raw data
INFO  2018/04/24 13:02:33----- Program----- CreateTimeGraph -----Start store raw data
INFO  2018/04/24 13:02:34----- Program----- CreateTimeGraph -----Start store raw data
INFO  2018/04/24 13:02:35----- Program----- CreateTimeGraph -----Start store raw data
INFO  2018/04/24 13:02:36----- Program----- CreateTimeGraph -----Start store raw data
INFO  2018/04/24 13:02:37----- Program----- CreateTimeGraph -----Start store raw data
INFO  2018/04/24 13:02:38----- Program----- CreateTimeGraph -----Start store raw data
INFO  2018/04/24 13:02:39----- Program----- CreateTimeGraph -----Start store raw data
INFO  2018/04/24 13:02:40----- Program----- CreateTimeGraph -----Start store raw data
INFO  2018/04/24 13:02:41----- Program----- CreateTimeGraph -----Start store raw data
INFO  2018/04/24 13:02:42----- Program----- CreateTimeGraph -----Start store raw data
INFO  2018/04/24 13:02:43----- Program----- CreateTimeGraph -----Start store raw data
INFO  2018/04/24 13:02:44----- Program----- CreateTimeGraph -----Start store raw data
INFO  2018/04/24 13:02:45----- Program----- CreateTimeGraph -----Start store raw data
INFO  2018/04/24 13:02:46----- Program----- CreateTimeGraph -----Start store raw data
INFO  2018/04/24 13:02:47----- Program----- CreateTimeGraph -----Start store raw data
INFO  2018/04/24 13:02:48----- Program----- CreateTimeGraph -----Start store raw data
INFO  2018/04/24 13:02:49----- Program----- CreateTimeGraph -----Start store raw data
INFO  2018/04/24 13:02:50----- Program----- CreateTimeGraph -----Start store raw data
INFO  2018/04/24 13:02:51----- Program----- CreateTimeGraph -----Start store raw data
INFO  2018/04/24 13:02:52----- Program----- CreateTimeGraph -----Start store raw data
INFO  2018/04/24 13:02:53----- Program----- CreateTimeGraph -----Start store raw data
INFO  2018/04/24 13:02:54----- Program----- CreateTimeGraph -----Start store raw data
INFO  2018/04/24 13:02:55----- Program----- CreateTimeGraph -----Start store raw data
INFO  2018/04/24 13:02:56----- Program----- CreateTimeGraph -----Start store raw data
INFO  2018/04/24 13:02:57----- Program----- CreateTimeGraph -----Start store raw data
INFO  2018/04/24 13:02:58----- Program----- CreateTimeGraph -----Start store raw data
INFO  2018/04/24 13:02:59----- Program----- CreateTimeGraph -----Start store raw data
INFO  2018/04/24 13:03:00----- Program----- CreateTimeGraph -----Start store raw data
INFO  2018/04/24 13:03:01----- Program----- CreateTimeGraph -----Start store raw data
INFO  2018/04/24 13:03:02----- Program----- CreateTimeGraph -----Start store raw data
INFO  2018/04/24 13:03:03----- Program----- CreateTimeGraph -----Start store raw data
INFO  2018/04/24 13:03:04----- Program----- CreateTimeGraph -----Start store raw data
INFO  2018/04/24 13:03:05----- Program----- CreateTimeGraph -----Start store raw data
INFO  2018/04/24 13:03:06----- Program----- CreateTimeGraph -----Start store raw data
INFO  2018/04/24 13:03:07----- Program----- CreateTimeGraph -----Start store raw data
INFO  2018/04/24 13:03:08----- Program----- CreateTimeGraph -----Start store raw data
INFO  2018/04/24 13:03:09----- Program----- CreateTimeGraph -----Start store raw data
INFO  2018/04/24 13:03:10----- Program----- CreateTimeGraph -----Start store raw data
INFO  2018/04/24 13:03:11----- Program----- CreateTimeGraph -----Start store raw data
INFO  2018/04/24 13:03:12----- Program----- CreateTimeGraph -----Start store raw data
INFO  2018/04/24 13:03:13----- Program----- CreateTimeGraph -----Start store raw data
INFO  2018/04/24 13:03:14----- Program----- CreateTimeGraph -----Start store raw data
INFO  2018/04/24 13:03:15----- Program----- CreateTimeGraph -----Start store raw data
INFO  2018/04/24 13:03:16----- Program----- CreateTimeGraph -----Start store raw data
INFO  2018/04/24 13:03:17----- Program----- CreateTimeGraph -----Start store raw data
INFO  2018/04/24 13:03:18----- Program----- CreateTimeGraph -----Start store raw data
INFO  2018/04/24 13:03:19----- Program----- CreateTimeGraph -----Start store raw data
INFO  2018/04/24 13:03:20----- Program----- CreateTimeGraph -----Start store raw data
INFO  2018/04/24 13:03:21----- Program----- CreateTimeGraph -----Start store raw data
INFO  2018/04/24 13:03:22----- Program----- CreateTimeGraph -----Start store raw data
INFO  2018/04/24 13:03:23----- Program----- CreateTimeGraph -----Start store raw data
INFO  2018/04/24 13:03:24----- Program----- CreateTimeGraph -----Start store raw data
INFO  2018/04/24 13:03:25----- Program----- CreateTimeGraph -----Start store raw data
INFO  2018/04/24 13:03:27----- Program----- CreateTimeGraph -----Start store raw data
INFO  2018/04/24 13:03:28----- Program----- CreateTimeGraph -----Start store raw data
INFO  2018/04/24 13:03:29----- Program----- CreateTimeGraph -----Start store raw data
INFO  2018/04/24 13:03:30----- Program----- CreateTimeGraph -----Start store raw data
INFO  2018/04/24 13:03:31----- Program----- CreateTimeGraph -----Start store raw data
INFO  2018/04/24 13:03:32----- Program----- CreateTimeGraph -----Start store raw data
INFO  2018/04/24 13:03:34----- Program----- CreateTimeGraph -----Start store raw data
INFO  2018/04/24 13:03:35----- Program----- CreateTimeGraph -----Start store raw data
INFO  2018/04/24 13:03:35----- Program----- CreateTimeGraph -----Start store raw data
ERROR 2018/04/24 13:03:36----- Program----- waveformAiCtrl_Overrun -----Data Overrun
INFO  2018/04/24 13:03:36----- Program----- CreateTimeGraph -----Start store raw data
INFO  2018/04/24 13:03:37----- Program----- CreateTimeGraph -----Start store raw data
INFO  2018/04/24 13:03:38----- Program----- CreateTimeGraph -----Start store raw data
INFO  2018/04/24 13:03:39----- Program----- CreateTimeGraph -----Start store raw data
INFO  2018/04/24 13:03:40----- Program----- CreateTimeGraph -----Start store raw data
INFO  2018/04/24 13:03:41----- Program----- CreateTimeGraph -----Start store raw data
INFO  2018/04/24 13:03:42----- Program----- CreateTimeGraph -----Start store raw data
INFO  2018/04/24 13:03:43----- Program----- CreateTimeGraph -----Start store raw data
INFO  2018/04/24 13:03:44----- Program----- CreateTimeGraph -----Start store raw data
INFO  2018/04/24 13:03:45----- Program----- CreateTimeGraph -----Start store raw data
INFO  2018/04/24 13:03:46----- Program----- CreateTimeGraph -----Start store raw data
INFO  2018/04/24 13:03:47----- Program----- CreateTimeGraph -----Start store raw data
INFO  2018/04/24 13:03:48----- Program----- CreateTimeGraph -----Start store raw data
INFO  2018/04/24 13:03:49----- Program----- CreateTimeGraph -----Start store raw data
INFO  2018/04/24 13:03:50----- Program----- CreateTimeGraph -----Start store raw data
INFO  2018/04/24 13:03:51----- Program----- CreateTimeGraph -----Start store raw data
INFO  2018/04/24 13:03:52----- Program----- CreateTimeGraph -----Start store raw data
INFO  2018/04/24 13:03:53----- Program----- CreateTimeGraph -----Start store raw data
INFO  2018/04/24 13:03:54----- Program----- CreateTimeGraph -----Start store raw data
INFO  2018/04/24 13:03:55----- Program----- CreateTimeGraph -----Start store raw data
INFO  2018/04/24 13:03:56----- Program----- CreateTimeGraph -----Start store raw data
INFO  2018/04/24 13:03:57----- Program----- CreateTimeGraph -----Start store raw data
INFO  2018/04/24 13:03:58----- Program----- CreateTimeGraph -----Start store raw data
INFO  2018/04/24 13:03:59----- Program----- CreateTimeGraph -----Start store raw data
INFO  2018/04/24 13:04:00----- Program----- CreateTimeGraph -----Start store raw data
INFO  2018/04/24 13:04:01----- Program----- CreateTimeGraph -----Start store raw data
INFO  2018/04/24 13:04:02----- Program----- CreateTimeGraph -----Start store raw data
INFO  2018/04/24 13:04:03----- Program----- CreateTimeGraph -----Start store raw data
INFO  2018/04/24 13:04:04----- Program----- CreateTimeGraph -----Start store raw data
INFO  2018/04/24 13:04:05----- Program----- CreateTimeGraph -----Start store raw data
INFO  2018/04/24 13:04:06----- Program----- CreateTimeGraph -----Start store raw data
INFO  2018/04/24 13:04:07----- Program----- CreateTimeGraph -----Start store raw data
INFO  2018/04/24 13:04:08----- Program----- CreateTimeGraph -----Start store raw data
INFO  2018/04/24 13:04:09----- Program----- CreateTimeGraph -----Start store raw data
INFO  2018/04/24 13:04:10----- Program----- CreateTimeGraph -----Start store raw data
INFO  2018/04/24 13:04:11----- Program----- CreateTimeGraph -----Start store raw data
INFO  2018/04/24 13:04:12----- Program----- CreateTimeGraph -----Start store raw data
INFO  2018/04/24 13:04:13----- Program----- CreateTimeGraph -----Start store raw data
INFO  2018/04/24 13:04:14----- Program----- CreateTimeGraph -----Start store raw data
INFO  2018/04/24 13:04:15----- Program----- CreateTimeGraph -----Start store raw data
INFO  2018/04/24 13:04:16----- Program----- CreateTimeGraph -----Start store raw data
INFO  2018/04/24 13:04:17----- Program----- CreateTimeGraph -----Start store raw data
INFO  2018/04/24 13:04:18----- Program----- CreateTimeGraph -----Start store raw data
INFO  2018/04/24 13:04:19----- Program----- CreateTimeGraph -----Start store raw data
INFO  2018/04/24 13:04:20----- Program----- CreateTimeGraph -----Start store raw data
INFO  2018/04/24 13:04:21----- Program----- CreateTimeGraph -----Start store raw data
INFO  2018/04/24 13:04:22----- Program----- CreateTimeGraph -----Start store raw data
INFO  2018/04/24 13:04:23----- Program----- CreateTimeGraph -----Start store raw data
INFO  2018/04/24 13:04:24----- Program----- CreateTimeGraph -----Start store raw data
INFO  2018/04/24 13:04:25----- Program----- CreateTimeGraph -----Start store raw data
INFO  2018/04/24 13:04:26----- Program----- CreateTimeGraph -----Start store raw data
INFO  2018/04/24 13:04:27----- Program----- CreateTimeGraph -----Start store raw data
INFO  2018/04/24 13:04:28----- Program----- CreateTimeGraph -----Start store raw data
INFO  2018/04/24 13:04:29----- Program----- CreateTimeGraph -----Start store raw data
INFO  2018/04/24 13:04:30----- Program----- CreateTimeGraph -----Start store raw data
INFO  2018/04/24 13:04:31----- Program----- CreateTimeGraph -----Start store raw data
INFO  2018/04/24 13:04:32----- Program----- CreateTimeGraph -----Start store raw data
INFO  2018/04/24 13:04:33----- Program----- CreateTimeGraph -----Start store raw data
INFO  2018/04/24 13:04:34----- Program----- CreateTimeGraph -----Start store raw data
INFO  2018/04/24 13:04:35----- Program----- CreateTimeGraph -----Start store raw data
INFO  2018/04/24 13:04:36----- Program----- CreateTimeGraph -----Start store raw data
INFO  2018/04/24 13:04:37----- Program----- CreateTimeGraph -----Start store raw data
INFO  2018/04/24 13:04:38----- Program----- CreateTimeGraph -----Start store raw data
INFO  2018/04/24 13:04:39----- Program----- CreateTimeGraph -----Start store raw data
INFO  2018/04/24 13:04:40----- Program----- CreateTimeGraph -----Start store raw data
INFO  2018/04/24 13:04:41----- Program----- CreateTimeGraph -----Start store raw data
INFO  2018/04/24 13:04:42----- Program----- CreateTimeGraph -----Start store raw data
INFO  2018/04/24 13:04:43----- Program----- CreateTimeGraph -----Start store raw data
INFO  2018/04/24 13:04:44----- Program----- CreateTimeGraph -----Start store raw data
INFO  2018/04/24 13:04:45----- Program----- CreateTimeGraph -----Start store raw data
INFO  2018/04/24 13:04:46----- Program----- CreateTimeGraph -----Start store raw data
INFO  2018/04/24 13:04:47----- Program----- CreateTimeGraph -----Start store raw data
INFO  2018/04/24 13:04:48----- Program----- CreateTimeGraph -----Start store raw data
INFO  2018/04/24 13:04:49----- Program----- CreateTimeGraph -----Start store raw data
INFO  2018/04/24 13:04:50----- Program----- CreateTimeGraph -----Start store raw data
INFO  2018/04/24 13:04:51----- Program----- CreateTimeGraph -----Start store raw data
INFO  2018/04/24 13:04:52----- Program----- CreateTimeGraph -----Start store raw data
INFO  2018/04/24 13:04:53----- Program----- CreateTimeGraph -----Start store raw data
INFO  2018/04/24 13:04:54----- Program----- CreateTimeGraph -----Start store raw data
INFO  2018/04/24 13:04:55----- Program----- CreateTimeGraph -----Start store raw data
INFO  2018/04/24 13:04:56----- Program----- CreateTimeGraph -----Start store raw data
INFO  2018/04/24 13:04:57----- Program----- CreateTimeGraph -----Start store raw data
INFO  2018/04/24 13:04:58----- Program----- CreateTimeGraph -----Start store raw data
INFO  2018/04/24 13:04:59----- Program----- CreateTimeGraph -----Start store raw data
INFO  2018/04/24 13:05:00----- Program----- CreateTimeGraph -----Start store raw data
INFO  2018/04/24 13:05:01----- Program----- CreateTimeGraph -----Start store raw data
INFO  2018/04/24 13:05:02----- Program----- CreateTimeGraph -----Start store raw data
INFO  2018/04/24 13:05:03----- Program----- CreateTimeGraph -----Start store raw data
INFO  2018/04/24 13:05:04----- Program----- CreateTimeGraph -----Start store raw data
INFO  2018/04/24 13:05:05----- Program----- CreateTimeGraph -----Start store raw data
INFO  2018/04/24 13:05:06----- Program----- CreateTimeGraph -----Start store raw data
INFO  2018/04/24 13:05:07----- Program----- CreateTimeGraph -----Start store raw data
INFO  2018/04/24 13:05:08----- Program----- CreateTimeGraph -----Start store raw data
INFO  2018/04/24 13:05:09----- Program----- CreateTimeGraph -----Start store raw data
INFO  2018/04/24 13:05:10----- Program----- CreateTimeGraph -----Start store raw data
INFO  2018/04/24 13:05:11----- Program----- CreateTimeGraph -----Start store raw data
